<beans xmlns="http://www.springframework.org/schema/beans"
       xmlns:xsi="http://www.w3.org/2001/XMLSchema-instance"
       xmlns:hz="http://www.hazelcast.com/schema/spring"
       xsi:schemaLocation="http://www.springframework.org/schema/beans
                http://www.springframework.org/schema/beans/spring-beans-3.0.xsd
                http://www.hazelcast.com/schema/spring
                http://www.hazelcast.com/schema/spring/hazelcast-spring-3.3.xsd">

    <!-- Hazelcast -->
    <hz:hazelcast id="instance">
        <hz:config>
            <hz:group name="test-grid" password="test-greed"/>
            <hz:properties>
                <hz:property name="hazelcast.logging.type">slf4j</hz:property>
            </hz:properties>
            <hz:map name="account-updates" in-memory-format="OBJECT" />
        </hz:config>
    </hz:hazelcast>

</beans>