<beans xmlns="http://www.springframework.org/schema/beans"
       xmlns:xsi="http://www.w3.org/2001/XMLSchema-instance"
       xmlns:hz="http://www.hazelcast.com/schema/spring"
       xsi:schemaLocation="http://www.springframework.org/schema/beans
       http://www.springframework.org/schema/beans/spring-beans.xsd
       http://www.hazelcast.com/schema/spring
       http://www.hazelcast.com/schema/spring/hazelcast-spring.xsd">

    <hz:client id="client">
        <hz:group name="test-grid" password="test-greed" />
        <hz:properties>
            <hz:property name="hazelcast.logging.type">slf4j</hz:property>
        </hz:properties>
    </hz:client>


</beans>