<beans xmlns="http://www.springframework.org/schema/beans"
       xmlns:xsi="http://www.w3.org/2001/XMLSchema-instance"
       xmlns:context="http://www.springframework.org/schema/context"
       xmlns:hz="http://www.hazelcast.com/schema/spring"
       xsi:schemaLocation="http://www.springframework.org/schema/beans
       http://www.springframework.org/schema/beans/spring-beans.xsd
       http://www.springframework.org/schema/context
       http://www.springframework.org/schema/context/spring-context.xsd
       http://www.hazelcast.com/schema/spring
       http://www.hazelcast.com/schema/spring/hazelcast-spring.xsd">

    <context:component-scan base-package="org.vinst.client, org.vinst.tests"/>

    <hz:client id="test-client">
        <hz:group name="test-grid" password="test-greed" />
        <hz:serialization>
            <hz:serializers>
                <hz:serializer type-class="org.vinst.client.request.RequestTask" implementation="requestTaskSerializer"/>
            </hz:serializers>
        </hz:serialization>
    </hz:client>


</beans>